i:\luckycallor\数据结构\大作业\searchingengine_basicversion\searchingengine_basicversion\debug\searchingengine_basicversion.pch
i:\luckycallor\数据结构\大作业\searchingengine_basicversion\searchingengine_basicversion\debug\vc140.pdb
i:\luckycallor\数据结构\大作业\searchingengine_basicversion\searchingengine_basicversion\debug\vc140.idb
i:\luckycallor\数据结构\大作业\searchingengine_basicversion\searchingengine_basicversion\debug\stdafx.obj
i:\luckycallor\数据结构\大作业\searchingengine_basicversion\searchingengine_basicversion\debug\flexiblearr.obj
i:\luckycallor\数据结构\大作业\searchingengine_basicversion\searchingengine_basicversion\debug\hashtable.obj
i:\luckycallor\数据结构\大作业\searchingengine_basicversion\searchingengine_basicversion\debug\searchingengine_basicversion.obj
i:\luckycallor\数据结构\大作业\searchingengine_basicversion\searchingengine_basicversion\debug\setpages.obj
i:\luckycallor\数据结构\大作业\searchingengine_basicversion\searchingengine_basicversion\debug\setterms.obj
i:\luckycallor\数据结构\大作业\searchingengine_basicversion\searchingengine_basicversion\debug\term.obj
i:\luckycallor\数据结构\大作业\searchingengine_basicversion\searchingengine_basicversion\debug\sortpages.obj
i:\luckycallor\数据结构\大作业\searchingengine_basicversion\searchingengine_basicversion\debug\pagesoutput.obj
i:\luckycallor\数据结构\大作业\searchingengine_basicversion\debug\searchingengine_basicversion.ilk
i:\luckycallor\数据结构\大作业\searchingengine_basicversion\debug\searchingengine_basicversion.exe
i:\luckycallor\数据结构\大作业\searchingengine_basicversion\debug\searchingengine_basicversion.pdb
i:\luckycallor\数据结构\大作业\searchingengine_basicversion\searchingengine_basicversion\debug\searchin.83224a29.tlog\cl.command.1.tlog
i:\luckycallor\数据结构\大作业\searchingengine_basicversion\searchingengine_basicversion\debug\searchin.83224a29.tlog\cl.read.1.tlog
i:\luckycallor\数据结构\大作业\searchingengine_basicversion\searchingengine_basicversion\debug\searchin.83224a29.tlog\cl.write.1.tlog
i:\luckycallor\数据结构\大作业\searchingengine_basicversion\searchingengine_basicversion\debug\searchin.83224a29.tlog\link.command.1.tlog
i:\luckycallor\数据结构\大作业\searchingengine_basicversion\searchingengine_basicversion\debug\searchin.83224a29.tlog\link.read.1(desktop-g5ioupo--luckycallor--2015-12-30-09,52,48).tlog
i:\luckycallor\数据结构\大作业\searchingengine_basicversion\searchingengine_basicversion\debug\searchin.83224a29.tlog\link.write.1.tlog
